{
  "stats": {
    "suites": 12,
    "tests": 41,
    "passes": 26,
    "pending": 0,
    "failures": 15,
    "start": "2022-04-22T16:22:28.467Z",
    "end": "2022-04-22T16:23:55.849Z",
    "duration": 87382,
    "testsRegistered": 41,
    "passPercent": 63.41463414634146,
    "pendingPercent": 0,
    "other": 0,
    "hasOther": false,
    "skipped": 0,
    "hasSkipped": false
  },
  "results": [
    {
      "uuid": "9fb1a7fa-b613-424f-86f5-c8a8e91a3ea6",
      "title": "",
      "fullFile": "cypress/integration/project.spec.js",
      "file": "cypress/integration/project.spec.js",
      "beforeHooks": [],
      "afterHooks": [],
      "tests": [],
      "suites": [
        {
          "uuid": "1e7eefb6-07e8-4a8e-97e3-cba871557a75",
          "title": "1 - Adicione à página o título \"Paleta de Cores\".",
          "fullFile": "",
          "file": "",
          "beforeHooks": [],
          "afterHooks": [],
          "tests": [
            {
              "title": "Verifica se contém um elemento `h1` com o id `title` com o título correto",
              "fullTitle": "1 - Adicione à página o título \"Paleta de Cores\". Verifica se contém um elemento `h1` com o id `title` com o título correto",
              "timedOut": null,
              "duration": 251,
              "state": "passed",
              "speed": "slow",
              "pass": true,
              "fail": false,
              "pending": false,
              "context": null,
              "code": "cy.get('h1#title').should('contain.text', 'Paleta de Cores');",
              "err": {},
              "uuid": "0b2c9039-147b-469c-b899-ac332c92019f",
              "parentUUID": "1e7eefb6-07e8-4a8e-97e3-cba871557a75",
              "isHook": false,
              "skipped": false
            }
          ],
          "suites": [],
          "passes": [
            "0b2c9039-147b-469c-b899-ac332c92019f"
          ],
          "failures": [],
          "pending": [],
          "skipped": [],
          "duration": 251,
          "root": false,
          "rootEmpty": false,
          "_timeout": 2000
        },
        {
          "uuid": "2f3bb8ee-18cd-4239-9d5d-6a14458dafae",
          "title": "2 - Adicione à página uma paleta de quatro cores distintas.",
          "fullFile": "",
          "file": "",
          "beforeHooks": [],
          "afterHooks": [],
          "tests": [
            {
              "title": "A paleta de cores deve ser um elemento com `id` denominado `color-palette` e ter mais de 0px de altura e de largura.",
              "fullTitle": "2 - Adicione à página uma paleta de quatro cores distintas. A paleta de cores deve ser um elemento com `id` denominado `color-palette` e ter mais de 0px de altura e de largura.",
              "timedOut": null,
              "duration": 207,
              "state": "passed",
              "speed": "slow",
              "pass": true,
              "fail": false,
              "pending": false,
              "context": null,
              "code": "cy.get('#color-palette').should('be.visible');\ncy.get('#color-palette').children('.color');",
              "err": {},
              "uuid": "eb8e93a6-d246-49ef-82cc-0983df7d088a",
              "parentUUID": "2f3bb8ee-18cd-4239-9d5d-6a14458dafae",
              "isHook": false,
              "skipped": false
            },
            {
              "title": "Verifica se cada cor individual da paleta de cores possui a `classe` chamada `color`.",
              "fullTitle": "2 - Adicione à página uma paleta de quatro cores distintas. Verifica se cada cor individual da paleta de cores possui a `classe` chamada `color`.",
              "timedOut": null,
              "duration": 187,
              "state": "passed",
              "speed": "slow",
              "pass": true,
              "fail": false,
              "pending": false,
              "context": null,
              "code": "cy.get('.color').should('have.length', 4).then(function (colors) {\n  for (var i = 0; i < colors.length; i++) {\n    cy.wrap(colors[i]).should('be.visible');\n  }\n});",
              "err": {},
              "uuid": "72233da5-9606-4a9a-9124-2b404db9de49",
              "parentUUID": "2f3bb8ee-18cd-4239-9d5d-6a14458dafae",
              "isHook": false,
              "skipped": false
            },
            {
              "title": "Verifica se a cor de fundo de cada elemento da paleta é a cor que o elemento representa. **A única cor não permitida na paleta é a cor branca.**",
              "fullTitle": "2 - Adicione à página uma paleta de quatro cores distintas. Verifica se a cor de fundo de cada elemento da paleta é a cor que o elemento representa. **A única cor não permitida na paleta é a cor branca.**",
              "timedOut": null,
              "duration": 204,
              "state": "passed",
              "speed": "slow",
              "pass": true,
              "fail": false,
              "pending": false,
              "context": null,
              "code": "cy.get('.color').each(function (color) {\n  cy.wrap(color).should('have.class', 'color').and('not.have.css', 'background-color', WHITE);\n  cy.wrap(color).should('have.css', 'background-color');\n});",
              "err": {},
              "uuid": "04533f9d-a005-4854-8766-2e666685dea1",
              "parentUUID": "2f3bb8ee-18cd-4239-9d5d-6a14458dafae",
              "isHook": false,
              "skipped": false
            },
            {
              "title": "Verifica se cada elemento da paleta de cores tem uma borda preta, sólida e com 1 pixel de largura;",
              "fullTitle": "2 - Adicione à página uma paleta de quatro cores distintas. Verifica se cada elemento da paleta de cores tem uma borda preta, sólida e com 1 pixel de largura;",
              "timedOut": null,
              "duration": 206,
              "state": "passed",
              "speed": "slow",
              "pass": true,
              "fail": false,
              "pending": false,
              "context": null,
              "code": "cy.get('.color').each(function (color) {\n  cy.wrap(color).and('have.css', 'border', \"1px solid \".concat(BLACK)).and('have.class', 'color');\n});",
              "err": {},
              "uuid": "14b423b1-504a-443f-a543-55c3413497b1",
              "parentUUID": "2f3bb8ee-18cd-4239-9d5d-6a14458dafae",
              "isHook": false,
              "skipped": false
            },
            {
              "title": "Verifica se a paleta lista todas as cores disponíveis para utilização, lado a lado.",
              "fullTitle": "2 - Adicione à página uma paleta de quatro cores distintas. Verifica se a paleta lista todas as cores disponíveis para utilização, lado a lado.",
              "timedOut": null,
              "duration": 128,
              "state": "passed",
              "speed": "slow",
              "pass": true,
              "fail": false,
              "pending": false,
              "context": null,
              "code": "cy.get('.color').then(function (colors) {\n  for (var index = 1; index < colors.length; index += 1) {\n    var currentColor = colors[index];\n    var previousColor = colors[index - 1];\n    cy.wrap(currentColor).should('be.onTheRightOf', previousColor).and('be.horizontallyAlignedWith', previousColor);\n  }\n});",
              "err": {},
              "uuid": "468ba4c0-37d0-411a-9b46-c9dbdaefaa9c",
              "parentUUID": "2f3bb8ee-18cd-4239-9d5d-6a14458dafae",
              "isHook": false,
              "skipped": false
            },
            {
              "title": "Verifica se a paleta de cores está posicionada abaixo do título 'Paleta de Cores'",
              "fullTitle": "2 - Adicione à página uma paleta de quatro cores distintas. Verifica se a paleta de cores está posicionada abaixo do título 'Paleta de Cores'",
              "timedOut": null,
              "duration": 123,
              "state": "passed",
              "speed": "slow",
              "pass": true,
              "fail": false,
              "pending": false,
              "context": null,
              "code": "cy.get('h1#title').then(function (title) {\n  cy.get('#color-palette').should('be.belowOf', title);\n});",
              "err": {},
              "uuid": "a5b58ff4-a917-4879-851d-8482052ee1e2",
              "parentUUID": "2f3bb8ee-18cd-4239-9d5d-6a14458dafae",
              "isHook": false,
              "skipped": false
            },
            {
              "title": "Verifica se a paleta de cores não contém cores repetidas.",
              "fullTitle": "2 - Adicione à página uma paleta de quatro cores distintas. Verifica se a paleta de cores não contém cores repetidas.",
              "timedOut": null,
              "duration": 132,
              "state": "passed",
              "speed": "slow",
              "pass": true,
              "fail": false,
              "pending": false,
              "context": null,
              "code": "cy.get('.color').then(function (colors) {\n  var allColors = Array.from(colors).map(function (color) {\n    return Cypress.$(color).css('background-color');\n  });\n  cy.log(allColors);\n  var uniqColors = (0, _toConsumableArray2[\"default\"])(new Set(allColors));\n  cy.log(uniqColors);\n  expect(allColors.length).to.eq(uniqColors.length);\n});",
              "err": {},
              "uuid": "ed445ab7-2995-414a-bf70-6d8e633c7dcf",
              "parentUUID": "2f3bb8ee-18cd-4239-9d5d-6a14458dafae",
              "isHook": false,
              "skipped": false
            }
          ],
          "suites": [],
          "passes": [
            "eb8e93a6-d246-49ef-82cc-0983df7d088a",
            "72233da5-9606-4a9a-9124-2b404db9de49",
            "04533f9d-a005-4854-8766-2e666685dea1",
            "14b423b1-504a-443f-a543-55c3413497b1",
            "468ba4c0-37d0-411a-9b46-c9dbdaefaa9c",
            "a5b58ff4-a917-4879-851d-8482052ee1e2",
            "ed445ab7-2995-414a-bf70-6d8e633c7dcf"
          ],
          "failures": [],
          "pending": [],
          "skipped": [],
          "duration": 1187,
          "root": false,
          "rootEmpty": false,
          "_timeout": 2000
        },
        {
          "uuid": "5f22de28-3ced-45e7-9422-a0c5610cd69c",
          "title": "3 - Adicione a cor **preta** como a primeira cor da paleta de cores.",
          "fullFile": "",
          "file": "",
          "beforeHooks": [],
          "afterHooks": [],
          "tests": [
            {
              "title": "Verifica se a primeira cor da paleta é preta",
              "fullTitle": "3 - Adicione a cor **preta** como a primeira cor da paleta de cores. Verifica se a primeira cor da paleta é preta",
              "timedOut": null,
              "duration": 144,
              "state": "passed",
              "speed": "slow",
              "pass": true,
              "fail": false,
              "pending": false,
              "context": null,
              "code": "cy.get('.color').first().should('have.css', 'background-color', BLACK);",
              "err": {},
              "uuid": "9390a7d4-c7a0-49d4-9994-7f02eddc170e",
              "parentUUID": "5f22de28-3ced-45e7-9422-a0c5610cd69c",
              "isHook": false,
              "skipped": false
            },
            {
              "title": "Verifica se as demais cores podem ser escolhidas livremente.",
              "fullTitle": "3 - Adicione a cor **preta** como a primeira cor da paleta de cores. Verifica se as demais cores podem ser escolhidas livremente.",
              "timedOut": null,
              "duration": 261,
              "state": "passed",
              "speed": "slow",
              "pass": true,
              "fail": false,
              "pending": false,
              "context": null,
              "code": "cy.get('.color').eq(1).should('not.have.css', 'background-color', BLACK);\ncy.get('.color').eq(1).should('not.have.css', 'background-color', WHITE);\ncy.get('.color').eq(1).should('not.have.css', 'background-color', 'rgba(0, 0, 0, 0)');\ncy.get('.color').eq(1).should('have.css', 'background-color');\ncy.get('.color').eq(2).should('not.have.css', 'background-color', BLACK);\ncy.get('.color').eq(2).should('not.have.css', 'background-color', WHITE);\ncy.get('.color').eq(2).should('not.have.css', 'background-color', 'rgba(0, 0, 0, 0)');\ncy.get('.color').eq(2).should('have.css', 'background-color');\ncy.get('.color').eq(3).should('not.have.css', 'background-color', BLACK);\ncy.get('.color').eq(3).should('not.have.css', 'background-color', WHITE);\ncy.get('.color').eq(3).should('not.have.css', 'background-color', 'rgba(0, 0, 0, 0)');\ncy.get('.color').eq(3).should('have.css', 'background-color');",
              "err": {},
              "uuid": "a0a5065d-9599-486e-a8b1-9527f2236ab9",
              "parentUUID": "5f22de28-3ced-45e7-9422-a0c5610cd69c",
              "isHook": false,
              "skipped": false
            }
          ],
          "suites": [],
          "passes": [
            "9390a7d4-c7a0-49d4-9994-7f02eddc170e",
            "a0a5065d-9599-486e-a8b1-9527f2236ab9"
          ],
          "failures": [],
          "pending": [],
          "skipped": [],
          "duration": 405,
          "root": false,
          "rootEmpty": false,
          "_timeout": 2000
        },
        {
          "uuid": "820d1017-9286-43a2-9c2d-d17ca49a726b",
          "title": "4 - Adicione à página um quadro de pixels, com 25 pixels.",
          "fullFile": "",
          "file": "",
          "beforeHooks": [],
          "afterHooks": [],
          "tests": [
            {
              "title": "Verifica se o quadro de pixels possui o `id` denominado `pixel-board`",
              "fullTitle": "4 - Adicione à página um quadro de pixels, com 25 pixels. Verifica se o quadro de pixels possui o `id` denominado `pixel-board`",
              "timedOut": null,
              "duration": 153,
              "state": "passed",
              "speed": "slow",
              "pass": true,
              "fail": false,
              "pending": false,
              "context": null,
              "code": "cy.get('#pixel-board').should('be.visible');",
              "err": {},
              "uuid": "574d6cec-f540-4260-84a3-27be3724d585",
              "parentUUID": "820d1017-9286-43a2-9c2d-d17ca49a726b",
              "isHook": false,
              "skipped": false
            },
            {
              "title": "Verifica se cada pixel individual dentro do quadro possui a `classe` denominada `pixel`.",
              "fullTitle": "4 - Adicione à página um quadro de pixels, com 25 pixels. Verifica se cada pixel individual dentro do quadro possui a `classe` denominada `pixel`.",
              "timedOut": null,
              "duration": 166,
              "state": "passed",
              "speed": "slow",
              "pass": true,
              "fail": false,
              "pending": false,
              "context": null,
              "code": "cy.get('.pixel').should('have.length', 25);",
              "err": {},
              "uuid": "6d6b59e8-5677-4168-b512-0e492b2c80a9",
              "parentUUID": "820d1017-9286-43a2-9c2d-d17ca49a726b",
              "isHook": false,
              "skipped": false
            },
            {
              "title": "Verifica se a cor inicial dos pixels dentro do quadro, ao abrir a página, é branca.",
              "fullTitle": "4 - Adicione à página um quadro de pixels, com 25 pixels. Verifica se a cor inicial dos pixels dentro do quadro, ao abrir a página, é branca.",
              "timedOut": null,
              "duration": 201,
              "state": "passed",
              "speed": "slow",
              "pass": true,
              "fail": false,
              "pending": false,
              "context": null,
              "code": "cy.get('.pixel').should('have.length', 25).each(function (pixel) {\n  expect(pixel).to.have.css('background-color', WHITE);\n});",
              "err": {},
              "uuid": "0125c61a-80eb-47ca-8a00-b9ef7ba3a0da",
              "parentUUID": "820d1017-9286-43a2-9c2d-d17ca49a726b",
              "isHook": false,
              "skipped": false
            },
            {
              "title": "Verifica se o quadro de pixels aparece abaixo da paleta de cores",
              "fullTitle": "4 - Adicione à página um quadro de pixels, com 25 pixels. Verifica se o quadro de pixels aparece abaixo da paleta de cores",
              "timedOut": null,
              "duration": 102,
              "state": "passed",
              "speed": "slow",
              "pass": true,
              "fail": false,
              "pending": false,
              "context": null,
              "code": "cy.get('#color-palette').then(function (palette) {\n  cy.get('#pixel-board').should('be.belowOf', palette);\n});",
              "err": {},
              "uuid": "e9cd4c9a-aabe-4769-b3a1-ea852c7c48b6",
              "parentUUID": "820d1017-9286-43a2-9c2d-d17ca49a726b",
              "isHook": false,
              "skipped": false
            }
          ],
          "suites": [],
          "passes": [
            "574d6cec-f540-4260-84a3-27be3724d585",
            "6d6b59e8-5677-4168-b512-0e492b2c80a9",
            "0125c61a-80eb-47ca-8a00-b9ef7ba3a0da",
            "e9cd4c9a-aabe-4769-b3a1-ea852c7c48b6"
          ],
          "failures": [],
          "pending": [],
          "skipped": [],
          "duration": 622,
          "root": false,
          "rootEmpty": false,
          "_timeout": 2000
        },
        {
          "uuid": "8413105b-e5ff-4239-b3ce-b22f19c4151a",
          "title": "5 - Faça com que cada elemento do quadro de pixels possua 40 pixels de largura, 40 pixels de altura e seja delimitado por uma borda preta de 1 pixel.",
          "fullFile": "",
          "file": "",
          "beforeHooks": [],
          "afterHooks": [],
          "tests": [
            {
              "title": "Verifica se o quadro de pixels tem altura e comprimento de 5 elementos",
              "fullTitle": "5 - Faça com que cada elemento do quadro de pixels possua 40 pixels de largura, 40 pixels de altura e seja delimitado por uma borda preta de 1 pixel. Verifica se o quadro de pixels tem altura e comprimento de 5 elementos",
              "timedOut": null,
              "duration": 347,
              "state": "passed",
              "speed": "slow",
              "pass": true,
              "fail": false,
              "pending": false,
              "context": null,
              "code": "cy.get('.pixel').should('have.length', 25).each(function (pixel) {\n  expect(pixel).to.have.css('background-color', WHITE);\n}).and(function (pixels) {\n  var rows = chunk(pixels, 5);\n  rows.forEach(function (row) {\n    for (var index = 1; index < row.length; index += 1) {\n      var current = pixels[index];\n      var previous = pixels[index - 1];\n      cy.wrap(current).should('be.onTheRightOf', previous).and('be.horizontallyAlignedWith', previous);\n    }\n  });\n  for (var index = 1; index < 5; index += 1) {\n    expect(pixels[index * 5]).to.be.belowOf(pixels[(index - 1) * 5]);\n  }\n});",
              "err": {},
              "uuid": "d3a996a4-1031-4818-a35e-47479793b524",
              "parentUUID": "8413105b-e5ff-4239-b3ce-b22f19c4151a",
              "isHook": false,
              "skipped": false
            },
            {
              "title": "Verifica se 40 pixels é o tamanho total do elemento, incluindo seu conteúdo e excluindo a borda preta, que deve ser criada à parte.",
              "fullTitle": "5 - Faça com que cada elemento do quadro de pixels possua 40 pixels de largura, 40 pixels de altura e seja delimitado por uma borda preta de 1 pixel. Verifica se 40 pixels é o tamanho total do elemento, incluindo seu conteúdo e excluindo a borda preta, que deve ser criada à parte.",
              "timedOut": null,
              "duration": 295,
              "state": "passed",
              "speed": "slow",
              "pass": true,
              "fail": false,
              "pending": false,
              "context": null,
              "code": "cy.get('.pixel').each(function (pixel) {\n  cy.wrap(pixel).should('have.css', 'height', '40px').and('have.css', 'width', '40px').and('have.css', 'border', \"1px solid \".concat(BLACK));\n});",
              "err": {},
              "uuid": "13b56e8d-ccd8-4e29-9865-0fd492b97118",
              "parentUUID": "8413105b-e5ff-4239-b3ce-b22f19c4151a",
              "isHook": false,
              "skipped": false
            }
          ],
          "suites": [],
          "passes": [
            "d3a996a4-1031-4818-a35e-47479793b524",
            "13b56e8d-ccd8-4e29-9865-0fd492b97118"
          ],
          "failures": [],
          "pending": [],
          "skipped": [],
          "duration": 642,
          "root": false,
          "rootEmpty": false,
          "_timeout": 2000
        },
        {
          "uuid": "67b86f69-cd14-4158-a2ae-a07fa7f64817",
          "title": "6 - Defina a cor preta como cor inicial. Ao carregar a página a cor preta já deve estar selecionada para pintar os pixels",
          "fullFile": "",
          "file": "",
          "beforeHooks": [],
          "afterHooks": [],
          "tests": [
            {
              "title": "Verifica se o elemento da cor preta possui, inicialmente, a `classe` `selected`",
              "fullTitle": "6 - Defina a cor preta como cor inicial. Ao carregar a página a cor preta já deve estar selecionada para pintar os pixels Verifica se o elemento da cor preta possui, inicialmente, a `classe` `selected`",
              "timedOut": null,
              "duration": 161,
              "state": "passed",
              "speed": "slow",
              "pass": true,
              "fail": false,
              "pending": false,
              "context": null,
              "code": "cy.get('.selected').first().should('have.css', 'background-color', BLACK);",
              "err": {},
              "uuid": "71a039a4-74b8-4c1b-8353-857f12d606c6",
              "parentUUID": "67b86f69-cd14-4158-a2ae-a07fa7f64817",
              "isHook": false,
              "skipped": false
            },
            {
              "title": "Verifica se nenhuma outra cor da paleta tem a `classe` `selected`",
              "fullTitle": "6 - Defina a cor preta como cor inicial. Ao carregar a página a cor preta já deve estar selecionada para pintar os pixels Verifica se nenhuma outra cor da paleta tem a `classe` `selected`",
              "timedOut": null,
              "duration": 121,
              "state": "passed",
              "speed": "slow",
              "pass": true,
              "fail": false,
              "pending": false,
              "context": null,
              "code": "cy.get('.color:not(:first-child)').each(function (color) {\n  cy.wrap(color).should('not.have.class', 'selected');\n});",
              "err": {},
              "uuid": "4fa4b91b-1ae4-4e5c-b67f-e0b1178dbd14",
              "parentUUID": "67b86f69-cd14-4158-a2ae-a07fa7f64817",
              "isHook": false,
              "skipped": false
            }
          ],
          "suites": [],
          "passes": [
            "71a039a4-74b8-4c1b-8353-857f12d606c6",
            "4fa4b91b-1ae4-4e5c-b67f-e0b1178dbd14"
          ],
          "failures": [],
          "pending": [],
          "skipped": [],
          "duration": 282,
          "root": false,
          "rootEmpty": false,
          "_timeout": 2000
        },
        {
          "uuid": "c6fa9901-3e96-41b7-8262-afab4050a885",
          "title": "7 - Clicar em uma das cores da paleta, faz com que ela seja selecionada e utilizada para preencher os pixels no quadro.",
          "fullFile": "",
          "file": "",
          "beforeHooks": [],
          "afterHooks": [],
          "tests": [
            {
              "title": "Verifica se somente uma cor da paleta de cores tem a classe `selected` de cada vez",
              "fullTitle": "7 - Clicar em uma das cores da paleta, faz com que ela seja selecionada e utilizada para preencher os pixels no quadro. Verifica se somente uma cor da paleta de cores tem a classe `selected` de cada vez",
              "timedOut": null,
              "duration": 522,
              "state": "passed",
              "speed": "slow",
              "pass": true,
              "fail": false,
              "pending": false,
              "context": null,
              "code": "cy.get('.color').each(function (selectedColor, selectedColorIndex) {\n  cy.wrap(selectedColor).click();\n  cy.get('.color').each(function (color, colorIndex) {\n    if (colorIndex === selectedColorIndex) {\n      expect(color).to.have[\"class\"]('selected');\n    } else {\n      expect(color).not.to.have[\"class\"]('selected');\n    }\n  });\n});",
              "err": {},
              "uuid": "378131de-09c8-4628-a19e-3d788551d506",
              "parentUUID": "c6fa9901-3e96-41b7-8262-afab4050a885",
              "isHook": false,
              "skipped": false
            },
            {
              "title": "Verifica se os pixels dentro do quadro não têm a classe `selected` quando são clicados",
              "fullTitle": "7 - Clicar em uma das cores da paleta, faz com que ela seja selecionada e utilizada para preencher os pixels no quadro. Verifica se os pixels dentro do quadro não têm a classe `selected` quando são clicados",
              "timedOut": null,
              "duration": 8939,
              "state": "passed",
              "speed": "slow",
              "pass": true,
              "fail": false,
              "pending": false,
              "context": null,
              "code": "cy.get('.color').each(function (color) {\n  var backgroundColor = color.css('background-color');\n  cy.wrap(color).click();\n  cy.get('.pixel').each(function (pixel) {\n    cy.wrap(pixel).click().should('not.have.class', 'selected');\n  });\n});",
              "err": {},
              "uuid": "9cacd972-0d38-468b-9de6-54a7bb0b0977",
              "parentUUID": "c6fa9901-3e96-41b7-8262-afab4050a885",
              "isHook": false,
              "skipped": false
            }
          ],
          "suites": [],
          "passes": [
            "378131de-09c8-4628-a19e-3d788551d506",
            "9cacd972-0d38-468b-9de6-54a7bb0b0977"
          ],
          "failures": [],
          "pending": [],
          "skipped": [],
          "duration": 9461,
          "root": false,
          "rootEmpty": false,
          "_timeout": 2000
        },
        {
          "uuid": "438f0719-243f-4389-8443-b0a5d050d8eb",
          "title": "8 - Clicar em um pixel dentro do quadro após selecionar uma cor na paleta, faz com que o pixel seja preenchido com a cor selecionada.",
          "fullFile": "",
          "file": "",
          "beforeHooks": [],
          "afterHooks": [],
          "tests": [
            {
              "title": "Verifica se ao carregar a página deve ser possível pintar os pixels de preto",
              "fullTitle": "8 - Clicar em um pixel dentro do quadro após selecionar uma cor na paleta, faz com que o pixel seja preenchido com a cor selecionada. Verifica se ao carregar a página deve ser possível pintar os pixels de preto",
              "timedOut": null,
              "duration": 2383,
              "state": "passed",
              "speed": "slow",
              "pass": true,
              "fail": false,
              "pending": false,
              "context": null,
              "code": "cy.get('.pixel').each(function (pixel) {\n  cy.wrap(pixel).click().should('have.css', 'background-color', BLACK);\n});",
              "err": {},
              "uuid": "286379c6-9bf9-4f9f-8fb8-b944d9c3b8aa",
              "parentUUID": "438f0719-243f-4389-8443-b0a5d050d8eb",
              "isHook": false,
              "skipped": false
            },
            {
              "title": "Verifica se após selecionar uma outra cor na paleta, é possível pintar os pixels com essa cor",
              "fullTitle": "8 - Clicar em um pixel dentro do quadro após selecionar uma cor na paleta, faz com que o pixel seja preenchido com a cor selecionada. Verifica se após selecionar uma outra cor na paleta, é possível pintar os pixels com essa cor",
              "timedOut": null,
              "duration": 8920,
              "state": "passed",
              "speed": "slow",
              "pass": true,
              "fail": false,
              "pending": false,
              "context": null,
              "code": "cy.get('.color').each(function (color) {\n  var backgroundColor = color.css('background-color');\n  cy.wrap(color).click();\n  cy.get('.pixel').each(function (pixel) {\n    cy.wrap(pixel).click().should('have.css', 'background-color', backgroundColor);\n  });\n});",
              "err": {},
              "uuid": "808635f6-78d3-4219-a6e5-bfd8e3b8aa42",
              "parentUUID": "438f0719-243f-4389-8443-b0a5d050d8eb",
              "isHook": false,
              "skipped": false
            },
            {
              "title": "Verifica se somente o pixel que foi clicado foi preenchido com a cor selecionada, sem influenciar na cor dos demais pixels.",
              "fullTitle": "8 - Clicar em um pixel dentro do quadro após selecionar uma cor na paleta, faz com que o pixel seja preenchido com a cor selecionada. Verifica se somente o pixel que foi clicado foi preenchido com a cor selecionada, sem influenciar na cor dos demais pixels.",
              "timedOut": null,
              "duration": 1562,
              "state": "passed",
              "speed": "slow",
              "pass": true,
              "fail": false,
              "pending": false,
              "context": null,
              "code": "var colorToPixelIndexMap = {\n  0: 6,\n  1: 8,\n  2: 16,\n  3: 18\n};\ncy.get('.color').each(function (color, index) {\n  cy.wrap(color).click();\n  var backgroundColor = color.css('background-color');\n  var clickedPixelIndex = colorToPixelIndexMap[index];\n  cy.get('.pixel').eq(clickedPixelIndex).click();\n  cy.get('.pixel').eq(clickedPixelIndex - 1).should('not.have.css', 'background-color', backgroundColor);\n  cy.get('.pixel').eq(clickedPixelIndex + 1).should('not.have.css', 'background-color', backgroundColor);\n  cy.get('.pixel').eq(clickedPixelIndex - 5).should('not.have.css', 'background-color', backgroundColor);\n  cy.get('.pixel').eq(clickedPixelIndex + 5).should('not.have.css', 'background-color', backgroundColor);\n  cy.get('.pixel').eq(clickedPixelIndex - 6).should('not.have.css', 'background-color', backgroundColor);\n  cy.get('.pixel').eq(clickedPixelIndex - 4).should('not.have.css', 'background-color', backgroundColor);\n  cy.get('.pixel').eq(clickedPixelIndex + 4).should('not.have.css', 'background-color', backgroundColor);\n  cy.get('.pixel').eq(clickedPixelIndex + 6).should('not.have.css', 'background-color', backgroundColor);\n});",
              "err": {},
              "uuid": "d5c6de9d-4540-45ea-8a96-355f1ecb4969",
              "parentUUID": "438f0719-243f-4389-8443-b0a5d050d8eb",
              "isHook": false,
              "skipped": false
            }
          ],
          "suites": [],
          "passes": [
            "286379c6-9bf9-4f9f-8fb8-b944d9c3b8aa",
            "808635f6-78d3-4219-a6e5-bfd8e3b8aa42",
            "d5c6de9d-4540-45ea-8a96-355f1ecb4969"
          ],
          "failures": [],
          "pending": [],
          "skipped": [],
          "duration": 12865,
          "root": false,
          "rootEmpty": false,
          "_timeout": 2000
        },
        {
          "uuid": "df1cb540-3475-40b5-816a-463cc2ab05c8",
          "title": "9 - Crie um botão que, ao ser clicado, limpa o quadro preenchendo a cor de todos seus pixels com branco.",
          "fullFile": "",
          "file": "",
          "beforeHooks": [],
          "afterHooks": [],
          "tests": [
            {
              "title": "Verifica se o botão tem o `id` denominado `clear-board`",
              "fullTitle": "9 - Crie um botão que, ao ser clicado, limpa o quadro preenchendo a cor de todos seus pixels com branco. Verifica se o botão tem o `id` denominado `clear-board`",
              "timedOut": null,
              "duration": 200,
              "state": "passed",
              "speed": "slow",
              "pass": true,
              "fail": false,
              "pending": false,
              "context": null,
              "code": "cy.get('#clear-board').should('be.visible');",
              "err": {},
              "uuid": "1bd65dca-d2c1-4379-8d0e-9a47bbb0688e",
              "parentUUID": "df1cb540-3475-40b5-816a-463cc2ab05c8",
              "isHook": false,
              "skipped": false
            },
            {
              "title": "Verifica se o botão está posicionado entre a paleta de cores e o quadro de pixels",
              "fullTitle": "9 - Crie um botão que, ao ser clicado, limpa o quadro preenchendo a cor de todos seus pixels com branco. Verifica se o botão está posicionado entre a paleta de cores e o quadro de pixels",
              "timedOut": null,
              "duration": 4309,
              "state": "failed",
              "speed": null,
              "pass": false,
              "fail": true,
              "pending": false,
              "context": null,
              "code": "cy.get('#color-palette').then(function (palette) {\n  cy.get('#clear-board').should('be.belowOf', palette);\n});\ncy.get('#clear-board').then(function (clearBtn) {\n  cy.get('#pixel-board').should('be.belowOf', clearBtn);\n});",
              "err": {
                "message": "CypressError: Timed out retrying: expected '<button#clear-board>' to be below of { Object (0, length, ...) }",
                "estack": "CypressError: Timed out retrying: expected '<button#clear-board>' to be below of { Object (0, length, ...) }\n    at cypressErr (http://localhost:39797/__cypress/runner/cypress_runner.js:149934:9)\n    at throwErr (http://localhost:39797/__cypress/runner/cypress_runner.js:149867:11)\n    at Object.throwErrByPath (http://localhost:39797/__cypress/runner/cypress_runner.js:149915:3)\n    at retry (http://localhost:39797/__cypress/runner/cypress_runner.js:144197:19)\n    at onFailFn (http://localhost:39797/__cypress/runner/cypress_runner.js:132448:16)\n    at tryCatcher (http://localhost:39797/__cypress/runner/cypress_runner.js:167415:23)\n    at Promise._settlePromiseFromHandler (http://localhost:39797/__cypress/runner/cypress_runner.js:165351:31)\n    at Promise._settlePromise (http://localhost:39797/__cypress/runner/cypress_runner.js:165408:18)\n    at Promise._settlePromise0 (http://localhost:39797/__cypress/runner/cypress_runner.js:165453:10)\n    at Promise._settlePromises (http://localhost:39797/__cypress/runner/cypress_runner.js:165528:18)\n    at Async../node_modules/bluebird/js/release/async.js.Async._drainQueue (http://localhost:39797/__cypress/runner/cypress_runner.js:162140:16)\n    at Async../node_modules/bluebird/js/release/async.js.Async._drainQueues (http://localhost:39797/__cypress/runner/cypress_runner.js:162150:10)\n    at Async.drainQueues (http://localhost:39797/__cypress/runner/cypress_runner.js:162024:14)",
                "diff": null
              },
              "uuid": "3a55ead4-a3e7-4984-aadf-31693588b2dc",
              "parentUUID": "df1cb540-3475-40b5-816a-463cc2ab05c8",
              "isHook": false,
              "skipped": false
            },
            {
              "title": "Verifica se o texto do botão é 'Limpar'",
              "fullTitle": "9 - Crie um botão que, ao ser clicado, limpa o quadro preenchendo a cor de todos seus pixels com branco. Verifica se o texto do botão é 'Limpar'",
              "timedOut": null,
              "duration": 232,
              "state": "passed",
              "speed": "slow",
              "pass": true,
              "fail": false,
              "pending": false,
              "context": null,
              "code": "cy.get('#clear-board').should('contain.text', 'Limpar');",
              "err": {},
              "uuid": "6c051ffc-2508-4e70-9b39-e4c2e3e27f83",
              "parentUUID": "df1cb540-3475-40b5-816a-463cc2ab05c8",
              "isHook": false,
              "skipped": false
            },
            {
              "title": "Verifica se ao clicar no botão, o quadro de pixels é totalmente preenchido de branco",
              "fullTitle": "9 - Crie um botão que, ao ser clicado, limpa o quadro preenchendo a cor de todos seus pixels com branco. Verifica se ao clicar no botão, o quadro de pixels é totalmente preenchido de branco",
              "timedOut": null,
              "duration": 2520,
              "state": "passed",
              "speed": "slow",
              "pass": true,
              "fail": false,
              "pending": false,
              "context": null,
              "code": "cy.get('.color').eq(1).then(function (color) {\n  var backgroundColor = color.css('background-color');\n  cy.wrap(color).click();\n  cy.get('.pixel').each(function (pixel) {\n    cy.wrap(pixel).click().should('have.css', 'background-color', backgroundColor);\n  });\n});\ncy.get('#clear-board').click();\ncy.get('.pixel').each(function (pixel) {\n  cy.wrap(pixel).should('have.css', 'background-color', WHITE);\n});",
              "err": {},
              "uuid": "5c0424fb-957a-4bb0-91f7-51f8d8e7409d",
              "parentUUID": "df1cb540-3475-40b5-816a-463cc2ab05c8",
              "isHook": false,
              "skipped": false
            }
          ],
          "suites": [],
          "passes": [
            "1bd65dca-d2c1-4379-8d0e-9a47bbb0688e",
            "6c051ffc-2508-4e70-9b39-e4c2e3e27f83",
            "5c0424fb-957a-4bb0-91f7-51f8d8e7409d"
          ],
          "failures": [
            "3a55ead4-a3e7-4984-aadf-31693588b2dc"
          ],
          "pending": [],
          "skipped": [],
          "duration": 7261,
          "root": false,
          "rootEmpty": false,
          "_timeout": 2000
        },
        {
          "uuid": "b2c2529a-cdfe-4749-903f-2bb9d9e60605",
          "title": "10 - Faça o quadro de pixels ter seu tamanho definido pelo usuário.",
          "fullFile": "",
          "file": "",
          "beforeHooks": [],
          "afterHooks": [],
          "tests": [
            {
              "title": "Verifica se existe um input com o id `board-size`",
              "fullTitle": "10 - Faça o quadro de pixels ter seu tamanho definido pelo usuário. Verifica se existe um input com o id `board-size`",
              "timedOut": null,
              "duration": 4367,
              "state": "failed",
              "speed": null,
              "pass": false,
              "fail": true,
              "pending": false,
              "context": null,
              "code": "cy.get('#board-size').should('be.visible');",
              "err": {
                "message": "CypressError: Timed out retrying: Expected to find element: '#board-size', but never found it.",
                "estack": "CypressError: Timed out retrying: Expected to find element: '#board-size', but never found it.\n    at cypressErr (http://localhost:39797/__cypress/runner/cypress_runner.js:149934:9)\n    at throwErr (http://localhost:39797/__cypress/runner/cypress_runner.js:149867:11)\n    at Object.throwErrByPath (http://localhost:39797/__cypress/runner/cypress_runner.js:149915:3)\n    at retry (http://localhost:39797/__cypress/runner/cypress_runner.js:144197:19)\n    at onFailFn (http://localhost:39797/__cypress/runner/cypress_runner.js:132448:16)\n    at tryCatcher (http://localhost:39797/__cypress/runner/cypress_runner.js:167415:23)\n    at Promise._settlePromiseFromHandler (http://localhost:39797/__cypress/runner/cypress_runner.js:165351:31)\n    at Promise._settlePromise (http://localhost:39797/__cypress/runner/cypress_runner.js:165408:18)\n    at Promise._settlePromise0 (http://localhost:39797/__cypress/runner/cypress_runner.js:165453:10)\n    at Promise._settlePromises (http://localhost:39797/__cypress/runner/cypress_runner.js:165528:18)\n    at Async../node_modules/bluebird/js/release/async.js.Async._drainQueue (http://localhost:39797/__cypress/runner/cypress_runner.js:162140:16)\n    at Async../node_modules/bluebird/js/release/async.js.Async._drainQueues (http://localhost:39797/__cypress/runner/cypress_runner.js:162150:10)\n    at Async.drainQueues (http://localhost:39797/__cypress/runner/cypress_runner.js:162024:14)",
                "diff": null
              },
              "uuid": "0330ac9f-cba8-42d1-a51d-d8e24f40214d",
              "parentUUID": "b2c2529a-cdfe-4749-903f-2bb9d9e60605",
              "isHook": false,
              "skipped": false
            },
            {
              "title": "Verifica se existe um botão com o id `generate-board`",
              "fullTitle": "10 - Faça o quadro de pixels ter seu tamanho definido pelo usuário. Verifica se existe um botão com o id `generate-board`",
              "timedOut": null,
              "duration": 4343,
              "state": "failed",
              "speed": null,
              "pass": false,
              "fail": true,
              "pending": false,
              "context": null,
              "code": "cy.get('#generate-board').should('be.visible');",
              "err": {
                "message": "CypressError: Timed out retrying: Expected to find element: '#generate-board', but never found it.",
                "estack": "CypressError: Timed out retrying: Expected to find element: '#generate-board', but never found it.\n    at cypressErr (http://localhost:39797/__cypress/runner/cypress_runner.js:149934:9)\n    at throwErr (http://localhost:39797/__cypress/runner/cypress_runner.js:149867:11)\n    at Object.throwErrByPath (http://localhost:39797/__cypress/runner/cypress_runner.js:149915:3)\n    at retry (http://localhost:39797/__cypress/runner/cypress_runner.js:144197:19)\n    at onFailFn (http://localhost:39797/__cypress/runner/cypress_runner.js:132448:16)\n    at tryCatcher (http://localhost:39797/__cypress/runner/cypress_runner.js:167415:23)\n    at Promise._settlePromiseFromHandler (http://localhost:39797/__cypress/runner/cypress_runner.js:165351:31)\n    at Promise._settlePromise (http://localhost:39797/__cypress/runner/cypress_runner.js:165408:18)\n    at Promise._settlePromise0 (http://localhost:39797/__cypress/runner/cypress_runner.js:165453:10)\n    at Promise._settlePromises (http://localhost:39797/__cypress/runner/cypress_runner.js:165528:18)\n    at Async../node_modules/bluebird/js/release/async.js.Async._drainQueue (http://localhost:39797/__cypress/runner/cypress_runner.js:162140:16)\n    at Async../node_modules/bluebird/js/release/async.js.Async._drainQueues (http://localhost:39797/__cypress/runner/cypress_runner.js:162150:10)\n    at Async.drainQueues (http://localhost:39797/__cypress/runner/cypress_runner.js:162024:14)",
                "diff": null
              },
              "uuid": "c0dc8a92-0947-4e7c-b0b8-801e3f3d4e70",
              "parentUUID": "b2c2529a-cdfe-4749-903f-2bb9d9e60605",
              "isHook": false,
              "skipped": false
            },
            {
              "title": "Verifica se o input só aceita número maiores que zero. Essa restrição deve ser feita usando os atributos do elemento `input`",
              "fullTitle": "10 - Faça o quadro de pixels ter seu tamanho definido pelo usuário. Verifica se o input só aceita número maiores que zero. Essa restrição deve ser feita usando os atributos do elemento `input`",
              "timedOut": null,
              "duration": 4367,
              "state": "failed",
              "speed": null,
              "pass": false,
              "fail": true,
              "pending": false,
              "context": null,
              "code": "cy.get('#board-size[type=\\'number\\'][min=\\'1\\']');",
              "err": {
                "message": "CypressError: Timed out retrying: Expected to find element: '#board-size[type='number'][min='1']', but never found it.",
                "estack": "CypressError: Timed out retrying: Expected to find element: '#board-size[type='number'][min='1']', but never found it.\n    at cypressErr (http://localhost:39797/__cypress/runner/cypress_runner.js:149934:9)\n    at throwErr (http://localhost:39797/__cypress/runner/cypress_runner.js:149867:11)\n    at Object.throwErrByPath (http://localhost:39797/__cypress/runner/cypress_runner.js:149915:3)\n    at retry (http://localhost:39797/__cypress/runner/cypress_runner.js:144197:19)\n    at onFailFn (http://localhost:39797/__cypress/runner/cypress_runner.js:132448:16)\n    at tryCatcher (http://localhost:39797/__cypress/runner/cypress_runner.js:167415:23)\n    at Promise._settlePromiseFromHandler (http://localhost:39797/__cypress/runner/cypress_runner.js:165351:31)\n    at Promise._settlePromise (http://localhost:39797/__cypress/runner/cypress_runner.js:165408:18)\n    at Promise._settlePromise0 (http://localhost:39797/__cypress/runner/cypress_runner.js:165453:10)\n    at Promise._settlePromises (http://localhost:39797/__cypress/runner/cypress_runner.js:165528:18)\n    at Async../node_modules/bluebird/js/release/async.js.Async._drainQueue (http://localhost:39797/__cypress/runner/cypress_runner.js:162140:16)\n    at Async../node_modules/bluebird/js/release/async.js.Async._drainQueues (http://localhost:39797/__cypress/runner/cypress_runner.js:162150:10)\n    at Async.drainQueues (http://localhost:39797/__cypress/runner/cypress_runner.js:162024:14)",
                "diff": null
              },
              "uuid": "af09099e-c1a4-4e76-8aeb-13184162ae7b",
              "parentUUID": "b2c2529a-cdfe-4749-903f-2bb9d9e60605",
              "isHook": false,
              "skipped": false
            },
            {
              "title": "Verifica se o botão contém o texto 'VQV'",
              "fullTitle": "10 - Faça o quadro de pixels ter seu tamanho definido pelo usuário. Verifica se o botão contém o texto 'VQV'",
              "timedOut": null,
              "duration": 4360,
              "state": "failed",
              "speed": null,
              "pass": false,
              "fail": true,
              "pending": false,
              "context": null,
              "code": "cy.get('#generate-board').contains(/vqv/i);",
              "err": {
                "message": "CypressError: Timed out retrying: Expected to find element: '#generate-board', but never found it.",
                "estack": "CypressError: Timed out retrying: Expected to find element: '#generate-board', but never found it.\n    at cypressErr (http://localhost:39797/__cypress/runner/cypress_runner.js:149934:9)\n    at throwErr (http://localhost:39797/__cypress/runner/cypress_runner.js:149867:11)\n    at Object.throwErrByPath (http://localhost:39797/__cypress/runner/cypress_runner.js:149915:3)\n    at retry (http://localhost:39797/__cypress/runner/cypress_runner.js:144197:19)\n    at onFailFn (http://localhost:39797/__cypress/runner/cypress_runner.js:132448:16)\n    at tryCatcher (http://localhost:39797/__cypress/runner/cypress_runner.js:167415:23)\n    at Promise._settlePromiseFromHandler (http://localhost:39797/__cypress/runner/cypress_runner.js:165351:31)\n    at Promise._settlePromise (http://localhost:39797/__cypress/runner/cypress_runner.js:165408:18)\n    at Promise._settlePromise0 (http://localhost:39797/__cypress/runner/cypress_runner.js:165453:10)\n    at Promise._settlePromises (http://localhost:39797/__cypress/runner/cypress_runner.js:165528:18)\n    at Async../node_modules/bluebird/js/release/async.js.Async._drainQueue (http://localhost:39797/__cypress/runner/cypress_runner.js:162140:16)\n    at Async../node_modules/bluebird/js/release/async.js.Async._drainQueues (http://localhost:39797/__cypress/runner/cypress_runner.js:162150:10)\n    at Async.drainQueues (http://localhost:39797/__cypress/runner/cypress_runner.js:162024:14)",
                "diff": null
              },
              "uuid": "096707b7-12c6-475c-81af-883c8a1a4cb4",
              "parentUUID": "b2c2529a-cdfe-4749-903f-2bb9d9e60605",
              "isHook": false,
              "skipped": false
            },
            {
              "title": "Verifica se o input está posicionado entre a paleta de cores e o quadro de pixels",
              "fullTitle": "10 - Faça o quadro de pixels ter seu tamanho definido pelo usuário. Verifica se o input está posicionado entre a paleta de cores e o quadro de pixels",
              "timedOut": null,
              "duration": 4404,
              "state": "failed",
              "speed": null,
              "pass": false,
              "fail": true,
              "pending": false,
              "context": null,
              "code": "cy.get('#color-palette').then(function (palette) {\n  cy.get('#board-size').should('be.belowOf', palette);\n});\ncy.get('#board-size').then(function (palette) {\n  cy.get('#pixel-board').should('be.belowOf', palette);\n});",
              "err": {
                "message": "CypressError: Timed out retrying: Expected to find element: '#board-size', but never found it.",
                "estack": "CypressError: Timed out retrying: Expected to find element: '#board-size', but never found it.\n    at cypressErr (http://localhost:39797/__cypress/runner/cypress_runner.js:149934:9)\n    at throwErr (http://localhost:39797/__cypress/runner/cypress_runner.js:149867:11)\n    at Object.throwErrByPath (http://localhost:39797/__cypress/runner/cypress_runner.js:149915:3)\n    at retry (http://localhost:39797/__cypress/runner/cypress_runner.js:144197:19)\n    at onFailFn (http://localhost:39797/__cypress/runner/cypress_runner.js:132448:16)\n    at tryCatcher (http://localhost:39797/__cypress/runner/cypress_runner.js:167415:23)\n    at Promise._settlePromiseFromHandler (http://localhost:39797/__cypress/runner/cypress_runner.js:165351:31)\n    at Promise._settlePromise (http://localhost:39797/__cypress/runner/cypress_runner.js:165408:18)\n    at Promise._settlePromise0 (http://localhost:39797/__cypress/runner/cypress_runner.js:165453:10)\n    at Promise._settlePromises (http://localhost:39797/__cypress/runner/cypress_runner.js:165528:18)\n    at Async../node_modules/bluebird/js/release/async.js.Async._drainQueue (http://localhost:39797/__cypress/runner/cypress_runner.js:162140:16)\n    at Async../node_modules/bluebird/js/release/async.js.Async._drainQueues (http://localhost:39797/__cypress/runner/cypress_runner.js:162150:10)\n    at Async.drainQueues (http://localhost:39797/__cypress/runner/cypress_runner.js:162024:14)",
                "diff": null
              },
              "uuid": "78a6aad6-de71-480b-91c5-b76d3f8b77a7",
              "parentUUID": "b2c2529a-cdfe-4749-903f-2bb9d9e60605",
              "isHook": false,
              "skipped": false
            },
            {
              "title": "Verifica se o botão está posicionado ao lado do input",
              "fullTitle": "10 - Faça o quadro de pixels ter seu tamanho definido pelo usuário. Verifica se o botão está posicionado ao lado do input",
              "timedOut": null,
              "duration": 4338,
              "state": "failed",
              "speed": null,
              "pass": false,
              "fail": true,
              "pending": false,
              "context": null,
              "code": "cy.get('#board-size').then(function (board) {\n  cy.get('#generate-board').should('be.onTheRightOf', board);\n});",
              "err": {
                "message": "CypressError: Timed out retrying: Expected to find element: '#board-size', but never found it.",
                "estack": "CypressError: Timed out retrying: Expected to find element: '#board-size', but never found it.\n    at cypressErr (http://localhost:39797/__cypress/runner/cypress_runner.js:149934:9)\n    at throwErr (http://localhost:39797/__cypress/runner/cypress_runner.js:149867:11)\n    at Object.throwErrByPath (http://localhost:39797/__cypress/runner/cypress_runner.js:149915:3)\n    at retry (http://localhost:39797/__cypress/runner/cypress_runner.js:144197:19)\n    at onFailFn (http://localhost:39797/__cypress/runner/cypress_runner.js:132448:16)\n    at tryCatcher (http://localhost:39797/__cypress/runner/cypress_runner.js:167415:23)\n    at Promise._settlePromiseFromHandler (http://localhost:39797/__cypress/runner/cypress_runner.js:165351:31)\n    at Promise._settlePromise (http://localhost:39797/__cypress/runner/cypress_runner.js:165408:18)\n    at Promise._settlePromise0 (http://localhost:39797/__cypress/runner/cypress_runner.js:165453:10)\n    at Promise._settlePromises (http://localhost:39797/__cypress/runner/cypress_runner.js:165528:18)\n    at Async../node_modules/bluebird/js/release/async.js.Async._drainQueue (http://localhost:39797/__cypress/runner/cypress_runner.js:162140:16)\n    at Async../node_modules/bluebird/js/release/async.js.Async._drainQueues (http://localhost:39797/__cypress/runner/cypress_runner.js:162150:10)\n    at Async.drainQueues (http://localhost:39797/__cypress/runner/cypress_runner.js:162024:14)",
                "diff": null
              },
              "uuid": "56a6759a-6840-4877-a649-910ed8856ce7",
              "parentUUID": "b2c2529a-cdfe-4749-903f-2bb9d9e60605",
              "isHook": false,
              "skipped": false
            },
            {
              "title": "Verifica se nenhum valor for colocado no input ao clicar no botão, um `alert` é exibido com o texto: 'Board inválido!'",
              "fullTitle": "10 - Faça o quadro de pixels ter seu tamanho definido pelo usuário. Verifica se nenhum valor for colocado no input ao clicar no botão, um `alert` é exibido com o texto: 'Board inválido!'",
              "timedOut": null,
              "duration": 4383,
              "state": "failed",
              "speed": null,
              "pass": false,
              "fail": true,
              "pending": false,
              "context": null,
              "code": "var alerted = false;\ncy.on('window:alert', function (msg) {\n  return alerted = msg;\n});\ncy.get('#generate-board').click().then(function () {\n  return expect(alerted).to.match(/Board inválido!/i);\n});",
              "err": {
                "message": "CypressError: Timed out retrying: Expected to find element: '#generate-board', but never found it.",
                "estack": "CypressError: Timed out retrying: Expected to find element: '#generate-board', but never found it.\n    at cypressErr (http://localhost:39797/__cypress/runner/cypress_runner.js:149934:9)\n    at throwErr (http://localhost:39797/__cypress/runner/cypress_runner.js:149867:11)\n    at Object.throwErrByPath (http://localhost:39797/__cypress/runner/cypress_runner.js:149915:3)\n    at retry (http://localhost:39797/__cypress/runner/cypress_runner.js:144197:19)\n    at onFailFn (http://localhost:39797/__cypress/runner/cypress_runner.js:132448:16)\n    at tryCatcher (http://localhost:39797/__cypress/runner/cypress_runner.js:167415:23)\n    at Promise._settlePromiseFromHandler (http://localhost:39797/__cypress/runner/cypress_runner.js:165351:31)\n    at Promise._settlePromise (http://localhost:39797/__cypress/runner/cypress_runner.js:165408:18)\n    at Promise._settlePromise0 (http://localhost:39797/__cypress/runner/cypress_runner.js:165453:10)\n    at Promise._settlePromises (http://localhost:39797/__cypress/runner/cypress_runner.js:165528:18)\n    at Async../node_modules/bluebird/js/release/async.js.Async._drainQueue (http://localhost:39797/__cypress/runner/cypress_runner.js:162140:16)\n    at Async../node_modules/bluebird/js/release/async.js.Async._drainQueues (http://localhost:39797/__cypress/runner/cypress_runner.js:162150:10)\n    at Async.drainQueues (http://localhost:39797/__cypress/runner/cypress_runner.js:162024:14)",
                "diff": null
              },
              "uuid": "0d94016b-8e41-43c8-9721-b2097b56029f",
              "parentUUID": "b2c2529a-cdfe-4749-903f-2bb9d9e60605",
              "isHook": false,
              "skipped": false
            },
            {
              "title": "Verifica se ao clicar no botão com um valor preenchido, o tamanho do board muda.",
              "fullTitle": "10 - Faça o quadro de pixels ter seu tamanho definido pelo usuário. Verifica se ao clicar no botão com um valor preenchido, o tamanho do board muda.",
              "timedOut": null,
              "duration": 4355,
              "state": "failed",
              "speed": null,
              "pass": false,
              "fail": true,
              "pending": false,
              "context": null,
              "code": "cy.get('#board-size').clear().type(10);\ncy.get('#generate-board').click();\ncy.get('.pixel').should('have.length', 100);",
              "err": {
                "message": "CypressError: Timed out retrying: Expected to find element: '#board-size', but never found it.",
                "estack": "CypressError: Timed out retrying: Expected to find element: '#board-size', but never found it.\n    at cypressErr (http://localhost:39797/__cypress/runner/cypress_runner.js:149934:9)\n    at throwErr (http://localhost:39797/__cypress/runner/cypress_runner.js:149867:11)\n    at Object.throwErrByPath (http://localhost:39797/__cypress/runner/cypress_runner.js:149915:3)\n    at retry (http://localhost:39797/__cypress/runner/cypress_runner.js:144197:19)\n    at onFailFn (http://localhost:39797/__cypress/runner/cypress_runner.js:132448:16)\n    at tryCatcher (http://localhost:39797/__cypress/runner/cypress_runner.js:167415:23)\n    at Promise._settlePromiseFromHandler (http://localhost:39797/__cypress/runner/cypress_runner.js:165351:31)\n    at Promise._settlePromise (http://localhost:39797/__cypress/runner/cypress_runner.js:165408:18)\n    at Promise._settlePromise0 (http://localhost:39797/__cypress/runner/cypress_runner.js:165453:10)\n    at Promise._settlePromises (http://localhost:39797/__cypress/runner/cypress_runner.js:165528:18)\n    at Async../node_modules/bluebird/js/release/async.js.Async._drainQueue (http://localhost:39797/__cypress/runner/cypress_runner.js:162140:16)\n    at Async../node_modules/bluebird/js/release/async.js.Async._drainQueues (http://localhost:39797/__cypress/runner/cypress_runner.js:162150:10)\n    at Async.drainQueues (http://localhost:39797/__cypress/runner/cypress_runner.js:162024:14)",
                "diff": null
              },
              "uuid": "3fbcb158-1494-42ac-9f3c-006aa7b81ef4",
              "parentUUID": "b2c2529a-cdfe-4749-903f-2bb9d9e60605",
              "isHook": false,
              "skipped": false
            },
            {
              "title": "Verifica se o novo quadro tem todos os pixels preenchidos com a cor branca",
              "fullTitle": "10 - Faça o quadro de pixels ter seu tamanho definido pelo usuário. Verifica se o novo quadro tem todos os pixels preenchidos com a cor branca",
              "timedOut": null,
              "duration": 4372,
              "state": "failed",
              "speed": null,
              "pass": false,
              "fail": true,
              "pending": false,
              "context": null,
              "code": "cy.get('#board-size').clear().type(6);\ncy.get('#generate-board').click();\ncy.get('.pixel').should('have.length', 36).each(function (pixel) {\n  expect(pixel).to.have.css('background-color', WHITE);\n});",
              "err": {
                "message": "CypressError: Timed out retrying: Expected to find element: '#board-size', but never found it.",
                "estack": "CypressError: Timed out retrying: Expected to find element: '#board-size', but never found it.\n    at cypressErr (http://localhost:39797/__cypress/runner/cypress_runner.js:149934:9)\n    at throwErr (http://localhost:39797/__cypress/runner/cypress_runner.js:149867:11)\n    at Object.throwErrByPath (http://localhost:39797/__cypress/runner/cypress_runner.js:149915:3)\n    at retry (http://localhost:39797/__cypress/runner/cypress_runner.js:144197:19)\n    at onFailFn (http://localhost:39797/__cypress/runner/cypress_runner.js:132448:16)\n    at tryCatcher (http://localhost:39797/__cypress/runner/cypress_runner.js:167415:23)\n    at Promise._settlePromiseFromHandler (http://localhost:39797/__cypress/runner/cypress_runner.js:165351:31)\n    at Promise._settlePromise (http://localhost:39797/__cypress/runner/cypress_runner.js:165408:18)\n    at Promise._settlePromise0 (http://localhost:39797/__cypress/runner/cypress_runner.js:165453:10)\n    at Promise._settlePromises (http://localhost:39797/__cypress/runner/cypress_runner.js:165528:18)\n    at Async../node_modules/bluebird/js/release/async.js.Async._drainQueue (http://localhost:39797/__cypress/runner/cypress_runner.js:162140:16)\n    at Async../node_modules/bluebird/js/release/async.js.Async._drainQueues (http://localhost:39797/__cypress/runner/cypress_runner.js:162150:10)\n    at Async.drainQueues (http://localhost:39797/__cypress/runner/cypress_runner.js:162024:14)",
                "diff": null
              },
              "uuid": "cb2bee3d-2d06-4741-8e4f-296d408da380",
              "parentUUID": "b2c2529a-cdfe-4749-903f-2bb9d9e60605",
              "isHook": false,
              "skipped": false
            }
          ],
          "suites": [],
          "passes": [],
          "failures": [
            "0330ac9f-cba8-42d1-a51d-d8e24f40214d",
            "c0dc8a92-0947-4e7c-b0b8-801e3f3d4e70",
            "af09099e-c1a4-4e76-8aeb-13184162ae7b",
            "096707b7-12c6-475c-81af-883c8a1a4cb4",
            "78a6aad6-de71-480b-91c5-b76d3f8b77a7",
            "56a6759a-6840-4877-a649-910ed8856ce7",
            "0d94016b-8e41-43c8-9721-b2097b56029f",
            "3fbcb158-1494-42ac-9f3c-006aa7b81ef4",
            "cb2bee3d-2d06-4741-8e4f-296d408da380"
          ],
          "pending": [],
          "skipped": [],
          "duration": 39289,
          "root": false,
          "rootEmpty": false,
          "_timeout": 2000
        },
        {
          "uuid": "4b24231e-0365-43b4-ab07-242a94d05bdb",
          "title": "11 - Limite o tamanho mínimo e máximo do board.",
          "fullFile": "",
          "file": "",
          "beforeHooks": [],
          "afterHooks": [],
          "tests": [
            {
              "title": "Verifica se a altura máxima do board é 50",
              "fullTitle": "11 - Limite o tamanho mínimo e máximo do board. Verifica se a altura máxima do board é 50",
              "timedOut": null,
              "duration": 4381,
              "state": "failed",
              "speed": null,
              "pass": false,
              "fail": true,
              "pending": false,
              "context": null,
              "code": "cy.get('#board-size').clear().type(50);\ncy.get('#generate-board').click();\ncy.get('.pixel').should('have.length', 2500);",
              "err": {
                "message": "CypressError: Timed out retrying: Expected to find element: '#board-size', but never found it.",
                "estack": "CypressError: Timed out retrying: Expected to find element: '#board-size', but never found it.\n    at cypressErr (http://localhost:39797/__cypress/runner/cypress_runner.js:149934:9)\n    at throwErr (http://localhost:39797/__cypress/runner/cypress_runner.js:149867:11)\n    at Object.throwErrByPath (http://localhost:39797/__cypress/runner/cypress_runner.js:149915:3)\n    at retry (http://localhost:39797/__cypress/runner/cypress_runner.js:144197:19)\n    at onFailFn (http://localhost:39797/__cypress/runner/cypress_runner.js:132448:16)\n    at tryCatcher (http://localhost:39797/__cypress/runner/cypress_runner.js:167415:23)\n    at Promise._settlePromiseFromHandler (http://localhost:39797/__cypress/runner/cypress_runner.js:165351:31)\n    at Promise._settlePromise (http://localhost:39797/__cypress/runner/cypress_runner.js:165408:18)\n    at Promise._settlePromise0 (http://localhost:39797/__cypress/runner/cypress_runner.js:165453:10)\n    at Promise._settlePromises (http://localhost:39797/__cypress/runner/cypress_runner.js:165528:18)\n    at Async../node_modules/bluebird/js/release/async.js.Async._drainQueue (http://localhost:39797/__cypress/runner/cypress_runner.js:162140:16)\n    at Async../node_modules/bluebird/js/release/async.js.Async._drainQueues (http://localhost:39797/__cypress/runner/cypress_runner.js:162150:10)\n    at Async.drainQueues (http://localhost:39797/__cypress/runner/cypress_runner.js:162024:14)",
                "diff": null
              },
              "uuid": "94f77ffc-10d3-4f7e-aaa9-38abdee50f8c",
              "parentUUID": "4b24231e-0365-43b4-ab07-242a94d05bdb",
              "isHook": false,
              "skipped": false
            },
            {
              "title": "Verifica se a altura do board é 5 quando um valor menor é colocado no input",
              "fullTitle": "11 - Limite o tamanho mínimo e máximo do board. Verifica se a altura do board é 5 quando um valor menor é colocado no input",
              "timedOut": null,
              "duration": 4384,
              "state": "failed",
              "speed": null,
              "pass": false,
              "fail": true,
              "pending": false,
              "context": null,
              "code": "cy.get('#board-size').clear().type(4);\ncy.get('#generate-board').click();\ncy.get('.pixel').should('have.length', 25);",
              "err": {
                "message": "CypressError: Timed out retrying: Expected to find element: '#board-size', but never found it.",
                "estack": "CypressError: Timed out retrying: Expected to find element: '#board-size', but never found it.\n    at cypressErr (http://localhost:39797/__cypress/runner/cypress_runner.js:149934:9)\n    at throwErr (http://localhost:39797/__cypress/runner/cypress_runner.js:149867:11)\n    at Object.throwErrByPath (http://localhost:39797/__cypress/runner/cypress_runner.js:149915:3)\n    at retry (http://localhost:39797/__cypress/runner/cypress_runner.js:144197:19)\n    at onFailFn (http://localhost:39797/__cypress/runner/cypress_runner.js:132448:16)\n    at tryCatcher (http://localhost:39797/__cypress/runner/cypress_runner.js:167415:23)\n    at Promise._settlePromiseFromHandler (http://localhost:39797/__cypress/runner/cypress_runner.js:165351:31)\n    at Promise._settlePromise (http://localhost:39797/__cypress/runner/cypress_runner.js:165408:18)\n    at Promise._settlePromise0 (http://localhost:39797/__cypress/runner/cypress_runner.js:165453:10)\n    at Promise._settlePromises (http://localhost:39797/__cypress/runner/cypress_runner.js:165528:18)\n    at Async../node_modules/bluebird/js/release/async.js.Async._drainQueue (http://localhost:39797/__cypress/runner/cypress_runner.js:162140:16)\n    at Async../node_modules/bluebird/js/release/async.js.Async._drainQueues (http://localhost:39797/__cypress/runner/cypress_runner.js:162150:10)\n    at Async.drainQueues (http://localhost:39797/__cypress/runner/cypress_runner.js:162024:14)",
                "diff": null
              },
              "uuid": "7653581d-7717-4591-9c01-0686afa48b0b",
              "parentUUID": "4b24231e-0365-43b4-ab07-242a94d05bdb",
              "isHook": false,
              "skipped": false
            },
            {
              "title": "Verifica se a altura do board é 50 quando um valor maior é colocado no input",
              "fullTitle": "11 - Limite o tamanho mínimo e máximo do board. Verifica se a altura do board é 50 quando um valor maior é colocado no input",
              "timedOut": null,
              "duration": 4318,
              "state": "failed",
              "speed": null,
              "pass": false,
              "fail": true,
              "pending": false,
              "context": null,
              "code": "cy.get('#board-size').clear().type(51);\ncy.get('#generate-board').click();\ncy.get('.pixel').should('have.length', 2500);",
              "err": {
                "message": "CypressError: Timed out retrying: Expected to find element: '#board-size', but never found it.",
                "estack": "CypressError: Timed out retrying: Expected to find element: '#board-size', but never found it.\n    at cypressErr (http://localhost:39797/__cypress/runner/cypress_runner.js:149934:9)\n    at throwErr (http://localhost:39797/__cypress/runner/cypress_runner.js:149867:11)\n    at Object.throwErrByPath (http://localhost:39797/__cypress/runner/cypress_runner.js:149915:3)\n    at retry (http://localhost:39797/__cypress/runner/cypress_runner.js:144197:19)\n    at onFailFn (http://localhost:39797/__cypress/runner/cypress_runner.js:132448:16)\n    at tryCatcher (http://localhost:39797/__cypress/runner/cypress_runner.js:167415:23)\n    at Promise._settlePromiseFromHandler (http://localhost:39797/__cypress/runner/cypress_runner.js:165351:31)\n    at Promise._settlePromise (http://localhost:39797/__cypress/runner/cypress_runner.js:165408:18)\n    at Promise._settlePromise0 (http://localhost:39797/__cypress/runner/cypress_runner.js:165453:10)\n    at Promise._settlePromises (http://localhost:39797/__cypress/runner/cypress_runner.js:165528:18)\n    at Async../node_modules/bluebird/js/release/async.js.Async._drainQueue (http://localhost:39797/__cypress/runner/cypress_runner.js:162140:16)\n    at Async../node_modules/bluebird/js/release/async.js.Async._drainQueues (http://localhost:39797/__cypress/runner/cypress_runner.js:162150:10)\n    at Async.drainQueues (http://localhost:39797/__cypress/runner/cypress_runner.js:162024:14)",
                "diff": null
              },
              "uuid": "31706d5a-bfad-426f-b2c6-b0ab3355cbdf",
              "parentUUID": "4b24231e-0365-43b4-ab07-242a94d05bdb",
              "isHook": false,
              "skipped": false
            }
          ],
          "suites": [],
          "passes": [],
          "failures": [
            "94f77ffc-10d3-4f7e-aaa9-38abdee50f8c",
            "7653581d-7717-4591-9c01-0686afa48b0b",
            "31706d5a-bfad-426f-b2c6-b0ab3355cbdf"
          ],
          "pending": [],
          "skipped": [],
          "duration": 13083,
          "root": false,
          "rootEmpty": false,
          "_timeout": 2000
        },
        {
          "uuid": "80c0a2fc-a2c3-4f17-a3ec-5c2573963377",
          "title": "12 - Faça com que as cores da paleta sejam geradas aleatoriamente ao carregar a página.",
          "fullFile": "",
          "file": "",
          "beforeHooks": [],
          "afterHooks": [],
          "tests": [
            {
              "title": "Verifica se as cores geradas na paleta são diferentes a cada carregamento da página",
              "fullTitle": "12 - Faça com que as cores da paleta sejam geradas aleatoriamente ao carregar a página. Verifica se as cores geradas na paleta são diferentes a cada carregamento da página",
              "timedOut": null,
              "duration": 540,
              "state": "failed",
              "speed": null,
              "pass": false,
              "fail": true,
              "pending": false,
              "context": null,
              "code": "cy.get('.color').then(function (colors) {\n  var currentColors;\n  var previousColors;\n  previousColors = Array.from(colors).map(function (color) {\n    return Cypress.$(color).css('background-color');\n  });\n  for (var i = 0; i < 5; i += 1) {\n    cy.reload();\n    cy.get('.color').then(function (colors) {\n      currentColors = Array.from(colors).map(function (color) {\n        return Cypress.$(color).css('background-color');\n      });\n      expect(currentColors).not.to.deep.equal(previousColors);\n      previousColors = currentColors;\n    });\n  }\n});",
              "err": {
                "message": "AssertionError: expected [ Array(4) ] to not deeply equal [ Array(4) ]",
                "estack": "AssertionError: expected [ Array(4) ] to not deeply equal [ Array(4) ]\n    at getRet (http://localhost:39797/__cypress/runner/cypress_runner.js:136585:16)\n    at tryCatcher (http://localhost:39797/__cypress/runner/cypress_runner.js:167415:23)\n    at Function.Promise.attempt.Promise.try (http://localhost:39797/__cypress/runner/cypress_runner.js:164690:29)\n    at Context.thenFn (http://localhost:39797/__cypress/runner/cypress_runner.js:136599:23)\n    at Context.then (http://localhost:39797/__cypress/runner/cypress_runner.js:136971:21)\n    at Context.<anonymous> (http://localhost:39797/__cypress/runner/cypress_runner.js:148875:21)\n    at http://localhost:39797/__cypress/runner/cypress_runner.js:148351:33\n    at tryCatcher (http://localhost:39797/__cypress/runner/cypress_runner.js:167415:23)\n    at Promise._settlePromiseFromHandler (http://localhost:39797/__cypress/runner/cypress_runner.js:165351:31)\n    at Promise._settlePromise (http://localhost:39797/__cypress/runner/cypress_runner.js:165408:18)\n    at Promise._settlePromiseCtx (http://localhost:39797/__cypress/runner/cypress_runner.js:165445:10)\n    at Async../node_modules/bluebird/js/release/async.js.Async._drainQueue (http://localhost:39797/__cypress/runner/cypress_runner.js:162145:12)\n    at Async../node_modules/bluebird/js/release/async.js.Async._drainQueues (http://localhost:39797/__cypress/runner/cypress_runner.js:162150:10)\n    at Async.drainQueues (http://localhost:39797/__cypress/runner/cypress_runner.js:162024:14)",
                "diff": ""
              },
              "uuid": "dc08b5f1-47dd-4bb7-b958-7528371d92d3",
              "parentUUID": "80c0a2fc-a2c3-4f17-a3ec-5c2573963377",
              "isHook": false,
              "skipped": false
            },
            {
              "title": "Verifica se a cor preta ainda está presente e é a primeira na sua paleta de cores",
              "fullTitle": "12 - Faça com que as cores da paleta sejam geradas aleatoriamente ao carregar a página. Verifica se a cor preta ainda está presente e é a primeira na sua paleta de cores",
              "timedOut": null,
              "duration": 452,
              "state": "failed",
              "speed": null,
              "pass": false,
              "fail": true,
              "pending": false,
              "context": null,
              "code": "cy.get('.color').then(function (colors) {\n  var currentColors;\n  var previousColors;\n  previousColors = Array.from(colors).map(function (color) {\n    return Cypress.$(color).css('background-color');\n  });\n  expect(previousColors[0]).to.eq(BLACK);\n  for (var i = 0; i < 5; i += 1) {\n    cy.reload();\n    cy.get('.color').then(function (colors) {\n      currentColors = Array.from(colors).map(function (color) {\n        return Cypress.$(color).css('background-color');\n      });\n      expect(currentColors[0]).to.eq(BLACK);\n      expect(currentColors).not.to.deep.equal(previousColors);\n      previousColors = currentColors;\n    });\n  }\n});",
              "err": {
                "message": "AssertionError: expected [ Array(4) ] to not deeply equal [ Array(4) ]",
                "estack": "AssertionError: expected [ Array(4) ] to not deeply equal [ Array(4) ]\n    at getRet (http://localhost:39797/__cypress/runner/cypress_runner.js:136585:16)\n    at tryCatcher (http://localhost:39797/__cypress/runner/cypress_runner.js:167415:23)\n    at Function.Promise.attempt.Promise.try (http://localhost:39797/__cypress/runner/cypress_runner.js:164690:29)\n    at Context.thenFn (http://localhost:39797/__cypress/runner/cypress_runner.js:136599:23)\n    at Context.then (http://localhost:39797/__cypress/runner/cypress_runner.js:136971:21)\n    at Context.<anonymous> (http://localhost:39797/__cypress/runner/cypress_runner.js:148875:21)\n    at http://localhost:39797/__cypress/runner/cypress_runner.js:148351:33\n    at tryCatcher (http://localhost:39797/__cypress/runner/cypress_runner.js:167415:23)\n    at Promise._settlePromiseFromHandler (http://localhost:39797/__cypress/runner/cypress_runner.js:165351:31)\n    at Promise._settlePromise (http://localhost:39797/__cypress/runner/cypress_runner.js:165408:18)\n    at Promise._settlePromiseCtx (http://localhost:39797/__cypress/runner/cypress_runner.js:165445:10)\n    at Async../node_modules/bluebird/js/release/async.js.Async._drainQueue (http://localhost:39797/__cypress/runner/cypress_runner.js:162145:12)\n    at Async../node_modules/bluebird/js/release/async.js.Async._drainQueues (http://localhost:39797/__cypress/runner/cypress_runner.js:162150:10)\n    at Async.drainQueues (http://localhost:39797/__cypress/runner/cypress_runner.js:162024:14)",
                "diff": ""
              },
              "uuid": "8f088479-1501-4757-b3f7-e5f51afb7a6a",
              "parentUUID": "80c0a2fc-a2c3-4f17-a3ec-5c2573963377",
              "isHook": false,
              "skipped": false
            }
          ],
          "suites": [],
          "passes": [],
          "failures": [
            "dc08b5f1-47dd-4bb7-b958-7528371d92d3",
            "8f088479-1501-4757-b3f7-e5f51afb7a6a"
          ],
          "pending": [],
          "skipped": [],
          "duration": 992,
          "root": false,
          "rootEmpty": false,
          "_timeout": 2000
        }
      ],
      "passes": [],
      "failures": [],
      "pending": [],
      "skipped": [],
      "duration": 0,
      "root": true,
      "rootEmpty": true,
      "_timeout": 2000
    }
  ],
  "meta": {
    "mocha": {
      "version": "7.0.1"
    },
    "mochawesome": {
      "options": {
        "quiet": false,
        "reportFilename": "mochawesome",
        "saveHtml": false,
        "saveJson": true,
        "consoleReporter": "spec",
        "useInlineDiffs": false
      },
      "version": "4.1.0"
    },
    "marge": {
      "options": {
        "id": "default",
        "reportDir": "cypress/reports",
        "overwrite": true,
        "html": false,
        "json": true
      },
      "version": "4.1.0"
    }
  }
}